<?xml version="1.0" encoding="UTF-8" standalone="no"?>
<!DOCTYPE log SYSTEM "logger.dtd">
<log>
<record>
  <date>2013-11-07T11:08:46</date>
  <millis>1383829726535</millis>
  <sequence>0</sequence>
  <logger>global</logger>
  <level>SEVERE</level>
  <class>br.bireme.tb.URLS</class>
  <method>loadCsvFromHtml</method>
  <thread>1</thread>
  <message> skipping loadCsvFromHtml/Def file: http://tabnet.datasus.gov.br/cgi/tabcgi.exe?idb2011/d0109.def params:Incremento=Casos_confirmados&amp;Arquivos=doeb10.dbf&amp;SRegião_Metropolitana=TODAS_AS_CATEGORIAS__&amp;SUnidade_da_Federação=TODAS_AS_CATEGORIAS__&amp;SFaixa_etária=TODAS_AS_CATEGORIAS__&amp;Linha=Capital&amp;SRegião=TODAS_AS_CATEGORIAS__&amp;Coluna=--Não-Ativa--&amp;SCapital=TODAS_AS_CATEGORIAS__&amp;formato=table&amp;mostre=Mostra
CSV link not found into def page [Nenhum registro selecionado]</message>
</record>
<record>
  <date>2013-11-07T11:08:55</date>
  <millis>1383829735024</millis>
  <sequence>1</sequence>
  <logger>global</logger>
  <level>SEVERE</level>
  <class>br.bireme.tb.URLS</class>
  <method>loadCsvFromHtml</method>
  <thread>1</thread>
  <message> skipping loadCsvFromHtml/Def file: http://tabnet.datasus.gov.br/cgi/tabcgi.exe?idb2011/d0109.def params:Incremento=Casos_confirmados&amp;Arquivos=doeb10.dbf&amp;SRegião_Metropolitana=TODAS_AS_CATEGORIAS__&amp;SUnidade_da_Federação=TODAS_AS_CATEGORIAS__&amp;SFaixa_etária=TODAS_AS_CATEGORIAS__&amp;Linha=Capital&amp;SRegião=TODAS_AS_CATEGORIAS__&amp;Coluna=Faixa_etária&amp;SCapital=TODAS_AS_CATEGORIAS__&amp;formato=table&amp;mostre=Mostra
CSV link not found into def page [Nenhum registro selecionado]</message>
</record>
<record>
  <date>2013-11-07T11:09:53</date>
  <millis>1383829793402</millis>
  <sequence>2</sequence>
  <logger>global</logger>
  <level>SEVERE</level>
  <class>br.bireme.tb.URLS</class>
  <method>loadCsvFromHtml</method>
  <thread>1</thread>
  <message> skipping loadCsvFromHtml/Def file: http://tabnet.datasus.gov.br/cgi/tabcgi.exe?idb2011/d0109.def params:Incremento=Casos_confirmados&amp;Arquivos=doeb10.dbf&amp;SRegião_Metropolitana=TODAS_AS_CATEGORIAS__&amp;SUnidade_da_Federação=TODAS_AS_CATEGORIAS__&amp;SFaixa_etária=TODAS_AS_CATEGORIAS__&amp;Linha=Faixa_etária&amp;SRegião=TODAS_AS_CATEGORIAS__&amp;Coluna=--Não-Ativa--&amp;SCapital=TODAS_AS_CATEGORIAS__&amp;formato=table&amp;mostre=Mostra
CSV link not found into def page [Nenhum registro selecionado]</message>
</record>
<record>
  <date>2013-11-07T11:10:23</date>
  <millis>1383829823411</millis>
  <sequence>3</sequence>
  <logger>global</logger>
  <level>SEVERE</level>
  <class>br.bireme.tb.URLS</class>
  <method>loadCsvFromHtml</method>
  <thread>1</thread>
  <message> skipping loadCsvFromHtml/Def file: http://tabnet.datasus.gov.br/cgi/tabcgi.exe?idb2011/d0109.def params:Incremento=Casos_confirmados&amp;Arquivos=doeb10.dbf&amp;SRegião_Metropolitana=TODAS_AS_CATEGORIAS__&amp;SUnidade_da_Federação=TODAS_AS_CATEGORIAS__&amp;SFaixa_etária=TODAS_AS_CATEGORIAS__&amp;Linha=Região&amp;SRegião=TODAS_AS_CATEGORIAS__&amp;Coluna=--Não-Ativa--&amp;SCapital=TODAS_AS_CATEGORIAS__&amp;formato=table&amp;mostre=Mostra
CSV link not found into def page [Nenhum registro selecionado]</message>
</record>
<record>
  <date>2013-11-07T11:10:25</date>
  <millis>1383829825945</millis>
  <sequence>4</sequence>
  <logger>global</logger>
  <level>SEVERE</level>
  <class>br.bireme.tb.URLS</class>
  <method>loadCsvFromHtml</method>
  <thread>1</thread>
  <message> skipping loadCsvFromHtml/Def file: http://tabnet.datasus.gov.br/cgi/tabcgi.exe?idb2011/d0109.def params:Incremento=Casos_confirmados&amp;Arquivos=doeb10.dbf&amp;SRegião_Metropolitana=TODAS_AS_CATEGORIAS__&amp;SUnidade_da_Federação=TODAS_AS_CATEGORIAS__&amp;SFaixa_etária=TODAS_AS_CATEGORIAS__&amp;Linha=Região&amp;SRegião=TODAS_AS_CATEGORIAS__&amp;Coluna=Faixa_etária&amp;SCapital=TODAS_AS_CATEGORIAS__&amp;formato=table&amp;mostre=Mostra
CSV link not found into def page [Nenhum registro selecionado]</message>
</record>
<record>
  <date>2013-11-07T11:10:27</date>
  <millis>1383829827456</millis>
  <sequence>5</sequence>
  <logger>global</logger>
  <level>SEVERE</level>
  <class>br.bireme.tb.URLS</class>
  <method>loadCsvFromHtml</method>
  <thread>1</thread>
  <message> skipping loadCsvFromHtml/Def file: http://tabnet.datasus.gov.br/cgi/tabcgi.exe?idb2011/d0109.def params:Incremento=Casos_confirmados&amp;Arquivos=doeb10.dbf&amp;SRegião_Metropolitana=TODAS_AS_CATEGORIAS__&amp;SUnidade_da_Federação=TODAS_AS_CATEGORIAS__&amp;SFaixa_etária=TODAS_AS_CATEGORIAS__&amp;Linha=Região_Metropolitana&amp;SRegião=TODAS_AS_CATEGORIAS__&amp;Coluna=--Não-Ativa--&amp;SCapital=TODAS_AS_CATEGORIAS__&amp;formato=table&amp;mostre=Mostra
CSV link not found into def page [Nenhum registro selecionado]</message>
</record>
<record>
  <date>2013-11-07T11:10:29</date>
  <millis>1383829829550</millis>
  <sequence>6</sequence>
  <logger>global</logger>
  <level>SEVERE</level>
  <class>br.bireme.tb.URLS</class>
  <method>loadCsvFromHtml</method>
  <thread>1</thread>
  <message> skipping loadCsvFromHtml/Def file: http://tabnet.datasus.gov.br/cgi/tabcgi.exe?idb2011/d0109.def params:Incremento=Casos_confirmados&amp;Arquivos=doeb10.dbf&amp;SRegião_Metropolitana=TODAS_AS_CATEGORIAS__&amp;SUnidade_da_Federação=TODAS_AS_CATEGORIAS__&amp;SFaixa_etária=TODAS_AS_CATEGORIAS__&amp;Linha=Região_Metropolitana&amp;SRegião=TODAS_AS_CATEGORIAS__&amp;Coluna=Faixa_etária&amp;SCapital=TODAS_AS_CATEGORIAS__&amp;formato=table&amp;mostre=Mostra
CSV link not found into def page [Nenhum registro selecionado]</message>
</record>
<record>
  <date>2013-11-07T11:10:31</date>
  <millis>1383829831281</millis>
  <sequence>7</sequence>
  <logger>global</logger>
  <level>SEVERE</level>
  <class>br.bireme.tb.URLS</class>
  <method>loadCsvFromHtml</method>
  <thread>1</thread>
  <message> skipping loadCsvFromHtml/Def file: http://tabnet.datasus.gov.br/cgi/tabcgi.exe?idb2011/d0109.def params:Incremento=Casos_confirmados&amp;Arquivos=doeb10.dbf&amp;SRegião_Metropolitana=TODAS_AS_CATEGORIAS__&amp;SUnidade_da_Federação=TODAS_AS_CATEGORIAS__&amp;SFaixa_etária=TODAS_AS_CATEGORIAS__&amp;Linha=Unidade_da_Federação&amp;SRegião=TODAS_AS_CATEGORIAS__&amp;Coluna=--Não-Ativa--&amp;SCapital=TODAS_AS_CATEGORIAS__&amp;formato=table&amp;mostre=Mostra
CSV link not found into def page [Nenhum registro selecionado]</message>
</record>
<record>
  <date>2013-11-07T11:10:33</date>
  <millis>1383829833046</millis>
  <sequence>8</sequence>
  <logger>global</logger>
  <level>SEVERE</level>
  <class>br.bireme.tb.URLS</class>
  <method>loadCsvFromHtml</method>
  <thread>1</thread>
  <message> skipping loadCsvFromHtml/Def file: http://tabnet.datasus.gov.br/cgi/tabcgi.exe?idb2011/d0109.def params:Incremento=Casos_confirmados&amp;Arquivos=doeb10.dbf&amp;SRegião_Metropolitana=TODAS_AS_CATEGORIAS__&amp;SUnidade_da_Federação=TODAS_AS_CATEGORIAS__&amp;SFaixa_etária=TODAS_AS_CATEGORIAS__&amp;Linha=Unidade_da_Federação&amp;SRegião=TODAS_AS_CATEGORIAS__&amp;Coluna=Faixa_etária&amp;SCapital=TODAS_AS_CATEGORIAS__&amp;formato=table&amp;mostre=Mostra
CSV link not found into def page [Nenhum registro selecionado]</message>
</record>
<record>
  <date>2013-11-07T11:10:43</date>
  <millis>1383829843609</millis>
  <sequence>9</sequence>
  <logger>global</logger>
  <level>SEVERE</level>
  <class>br.bireme.tb.URLS</class>
  <method>loadCsvFromHtml</method>
  <thread>1</thread>
  <message> skipping loadCsvFromHtml/Def file: http://tabnet.datasus.gov.br/cgi/tabcgi.exe?idb2011/a01.def params:Incremento=Distribuição_(%)&amp;Arquivos=popa10.dbf&amp;SRegião_Metropolitana=TODAS_AS_CATEGORIAS__&amp;SUnidade_da_Federação=TODAS_AS_CATEGORIAS__&amp;SFaixa_Etária=TODAS_AS_CATEGORIAS__&amp;Linha=Capital&amp;SRegião=TODAS_AS_CATEGORIAS__&amp;SSexo=TODAS_AS_CATEGORIAS__&amp;Coluna=--Não-Ativa--&amp;SCapital=TODAS_AS_CATEGORIAS__&amp;formato=table&amp;mostre=Mostra
CSV link not found into def page [Para tabelas de "Distribui&amp;ccedil;&amp;atilde;o (%)", "Faixa Et&amp;aacute;ria" deve ser selecionado nas linhas ou colunas]</message>
</record>
